;  LST file generated by mikroListExporter - v.2.0 
; Date/Time: 18/05/2022 11:27:09
;----------------------------------------------

;Address Opcode 	ASM
0x0000	0x2803      	GOTO       3
_main:
;Stopwatch1.c,2 :: 		void main() {
;Stopwatch1.c,4 :: 		int count = 0;
;Stopwatch1.c,5 :: 		int i = 0;
0x0003	0x1283      	BCF        STATUS, 5
0x0004	0x018E      	CLRF       main_i_L0
0x0005	0x018F      	CLRF       main_i_L0+1
0x0006	0x0190      	CLRF       main_j_L0
0x0007	0x0191      	CLRF       main_j_L0+1
;Stopwatch1.c,9 :: 		TRISB = 0x00;
0x0008	0x1683      	BSF        STATUS, 5
0x0009	0x0186      	CLRF       TRISB
;Stopwatch1.c,10 :: 		PORTB =  0x00;
0x000A	0x1283      	BCF        STATUS, 5
0x000B	0x0186      	CLRF       PORTB
;Stopwatch1.c,11 :: 		TRISA = 0x00; //all port b is output
0x000C	0x1683      	BSF        STATUS, 5
0x000D	0x0185      	CLRF       TRISA
;Stopwatch1.c,12 :: 		PORTA = 0x00;
0x000E	0x1283      	BCF        STATUS, 5
0x000F	0x0185      	CLRF       PORTA
;Stopwatch1.c,13 :: 		while(1){
L_main0:
;Stopwatch1.c,14 :: 		for(j=0; j<6; j++)
0x0010	0x0190      	CLRF       main_j_L0
0x0011	0x0191      	CLRF       main_j_L0+1
L_main2:
0x0012	0x3080      	MOVLW      128
0x0013	0x0611      	XORWF      main_j_L0+1, 0
0x0014	0x00C0      	MOVWF      R0
0x0015	0x3080      	MOVLW      128
0x0016	0x0240      	SUBWF      R0, 0
0x0017	0x1D03      	BTFSS      STATUS, 2
0x0018	0x281B      	GOTO       L__main13
0x0019	0x3006      	MOVLW      6
0x001A	0x0210      	SUBWF      main_j_L0, 0
L__main13:
0x001B	0x1803      	BTFSC      STATUS, 0
0x001C	0x2849      	GOTO       L_main3
;Stopwatch1.c,16 :: 		PORTA = 0X00 +j;
0x001D	0x0810      	MOVF       main_j_L0, 0
0x001E	0x0085      	MOVWF      PORTA
;Stopwatch1.c,17 :: 		PORTA.F4 = 0X40;
0x001F	0x1205      	BCF        PORTA, 4
;Stopwatch1.c,19 :: 		for(i = 0; i < 10; i++)
0x0020	0x018E      	CLRF       main_i_L0
0x0021	0x018F      	CLRF       main_i_L0+1
L_main5:
0x0022	0x3080      	MOVLW      128
0x0023	0x060F      	XORWF      main_i_L0+1, 0
0x0024	0x00C0      	MOVWF      R0
0x0025	0x3080      	MOVLW      128
0x0026	0x0240      	SUBWF      R0, 0
0x0027	0x1D03      	BTFSS      STATUS, 2
0x0028	0x282B      	GOTO       L__main14
0x0029	0x300A      	MOVLW      10
0x002A	0x020E      	SUBWF      main_i_L0, 0
L__main14:
0x002B	0x1803      	BTFSC      STATUS, 0
0x002C	0x2845      	GOTO       L_main6
;Stopwatch1.c,22 :: 		if(PORTB.F7 == 0X01){
0x002D	0x1F86      	BTFSS      PORTB, 7
0x002E	0x283C      	GOTO       L_main8
;Stopwatch1.c,23 :: 		PORTB = 0x00 + i ;
0x002F	0x080E      	MOVF       main_i_L0, 0
0x0030	0x0086      	MOVWF      PORTB
;Stopwatch1.c,24 :: 		Delay_ms(50);
0x0031	0x3082      	MOVLW      130
0x0032	0x00CC      	MOVWF      R12
0x0033	0x30DD      	MOVLW      221
0x0034	0x00CD      	MOVWF      R13
L_main9:
0x0035	0x0BCD      	DECFSZ     R13, 1
0x0036	0x2835      	GOTO       L_main9
0x0037	0x0BCC      	DECFSZ     R12, 1
0x0038	0x2835      	GOTO       L_main9
0x0039	0x0000      	NOP
0x003A	0x0000      	NOP
;Stopwatch1.c,25 :: 		}
0x003B	0x2841      	GOTO       L_main10
L_main8:
;Stopwatch1.c,27 :: 		i = PORTB;
0x003C	0x0806      	MOVF       PORTB, 0
0x003D	0x008E      	MOVWF      main_i_L0
0x003E	0x018F      	CLRF       main_i_L0+1
;Stopwatch1.c,29 :: 		PORTB = rev;
0x003F	0x080E      	MOVF       main_i_L0, 0
0x0040	0x0086      	MOVWF      PORTB
;Stopwatch1.c,30 :: 		}
L_main10:
;Stopwatch1.c,19 :: 		for(i = 0; i < 10; i++)
0x0041	0x0A8E      	INCF       main_i_L0, 1
0x0042	0x1903      	BTFSC      STATUS, 2
0x0043	0x0A8F      	INCF       main_i_L0+1, 1
;Stopwatch1.c,34 :: 		}   //end of for loop
0x0044	0x2822      	GOTO       L_main5
L_main6:
;Stopwatch1.c,14 :: 		for(j=0; j<6; j++)
0x0045	0x0A90      	INCF       main_j_L0, 1
0x0046	0x1903      	BTFSC      STATUS, 2
0x0047	0x0A91      	INCF       main_j_L0+1, 1
;Stopwatch1.c,37 :: 		}
0x0048	0x2812      	GOTO       L_main2
L_main3:
;Stopwatch1.c,38 :: 		PORTA = 0x00;
0x0049	0x0185      	CLRF       PORTA
;Stopwatch1.c,39 :: 		Delay_ms(50);
0x004A	0x3082      	MOVLW      130
0x004B	0x00CC      	MOVWF      R12
0x004C	0x30DD      	MOVLW      221
0x004D	0x00CD      	MOVWF      R13
L_main11:
0x004E	0x0BCD      	DECFSZ     R13, 1
0x004F	0x284E      	GOTO       L_main11
0x0050	0x0BCC      	DECFSZ     R12, 1
0x0051	0x284E      	GOTO       L_main11
0x0052	0x0000      	NOP
0x0053	0x0000      	NOP
;Stopwatch1.c,40 :: 		}
0x0054	0x2810      	GOTO       L_main0
;Stopwatch1.c,46 :: 		}
L_end_main:
0x0055	0x2855      	GOTO       $+0
; end of _main
Symbol List:
//** Routines locations **
//ADDRESS    SIZE    PROCEDURE
//----------------------------------------------
0x0003      [83]    _main
//** Variables locations ** 
//ADDRESS    SIZE    VARIABLE
//----------------------------------------------
0x0000       [1]    INDF
0x0003       [1]    STATUS
0x0004       [1]    FSR
0x0005       [1]    PORTA
0x0006       [1]    PORTB
0x000A       [1]    PCLATH
0x000C       [2]    ___DoICPAddr
0x000E       [2]    main_i_L0
0x0010       [2]    main_j_L0
0x0040       [1]    R0
0x0041       [1]    R1
0x0042       [1]    R2
0x0043       [1]    R3
0x0044       [1]    R4
0x0045       [1]    R5
0x0046       [1]    R6
0x0047       [1]    R7
0x0048       [1]    R8
0x0049       [1]    R9
0x004A       [1]    R10
0x004B       [1]    R11
0x004C       [1]    R12
0x004D       [1]    R13
0x004E       [1]    R14
0x004F       [1]    R15
0x0085       [1]    TRISA
0x0086       [1]    TRISB
